c:\users\julian reichen\onedrive\rwth\own programs\2023-10-24 - hopperrender dshow\x64\debug\hopperrender\vc143.pdb
c:\users\julian reichen\onedrive\rwth\own programs\2023-10-24 - hopperrender dshow\x64\debug\hopperrender\vc143.idb
c:\users\julian reichen\onedrive\rwth\own programs\2023-10-24 - hopperrender dshow\x64\debug\hopperrender\hopperrendersettings.obj
c:\users\julian reichen\onedrive\rwth\own programs\2023-10-24 - hopperrender dshow\x64\debug\hopperrender\hopperrender.obj
c:\users\julian reichen\onedrive\rwth\own programs\2023-10-24 - hopperrender dshow\x64\debug\hopperrender.dll
c:\users\julian reichen\onedrive\rwth\own programs\2023-10-24 - hopperrender dshow\x64\debug\hopperrender.pdb
c:\users\julian reichen\onedrive\rwth\own programs\2023-10-24 - hopperrender dshow\x64\debug\hopperrender\hopperrendersettings.res
c:\users\julian reichen\onedrive\rwth\own programs\2023-10-24 - hopperrender dshow\x64\debug\hopperrender\version.res
c:\users\julian reichen\onedrive\rwth\own programs\2023-10-24 - hopperrender dshow\x64\debug\hopperrender.lib
c:\users\julian reichen\onedrive\rwth\own programs\2023-10-24 - hopperrender dshow\x64\debug\hopperrender.exp
c:\users\julian reichen\onedrive\rwth\own programs\2023-10-24 - hopperrender dshow\x64\debug\hopperrender\hopperrender.ilk
c:\users\julian reichen\onedrive\rwth\own programs\2023-10-24 - hopperrender dshow\x64\debug\hopperrender\hopperrender.vcxproj.filelistabsolute.txt
c:\users\julian reichen\onedrive\rwth\own programs\2023-10-24 - hopperrender dshow\x64\debug\hopperrender\hopperrender.tlog\cl.command.1.tlog
c:\users\julian reichen\onedrive\rwth\own programs\2023-10-24 - hopperrender dshow\x64\debug\hopperrender\hopperrender.tlog\cl.items.tlog
c:\users\julian reichen\onedrive\rwth\own programs\2023-10-24 - hopperrender dshow\x64\debug\hopperrender\hopperrender.tlog\cl.read.1.tlog
c:\users\julian reichen\onedrive\rwth\own programs\2023-10-24 - hopperrender dshow\x64\debug\hopperrender\hopperrender.tlog\cl.write.1.tlog
c:\users\julian reichen\onedrive\rwth\own programs\2023-10-24 - hopperrender dshow\x64\debug\hopperrender\hopperrender.tlog\link.command.1.tlog
c:\users\julian reichen\onedrive\rwth\own programs\2023-10-24 - hopperrender dshow\x64\debug\hopperrender\hopperrender.tlog\link.read.1.tlog
c:\users\julian reichen\onedrive\rwth\own programs\2023-10-24 - hopperrender dshow\x64\debug\hopperrender\hopperrender.tlog\link.secondary.1.tlog
c:\users\julian reichen\onedrive\rwth\own programs\2023-10-24 - hopperrender dshow\x64\debug\hopperrender\hopperrender.tlog\link.write.1.tlog
c:\users\julian reichen\onedrive\rwth\own programs\2023-10-24 - hopperrender dshow\x64\debug\hopperrender\hopperrender.tlog\rc.command.1.tlog
c:\users\julian reichen\onedrive\rwth\own programs\2023-10-24 - hopperrender dshow\x64\debug\hopperrender\hopperrender.tlog\rc.read.1.tlog
c:\users\julian reichen\onedrive\rwth\own programs\2023-10-24 - hopperrender dshow\x64\debug\hopperrender\hopperrender.tlog\rc.write.1.tlog
