c:\users\julian reichen\onedrive\rwth\own programs\2023-10-24 - hopperrender dshow\x64\debug\baseclasses\pullpin.obj
c:\users\julian reichen\onedrive\rwth\own programs\2023-10-24 - hopperrender dshow\x64\debug\baseclasses\dllentry.obj
c:\users\julian reichen\onedrive\rwth\own programs\2023-10-24 - hopperrender dshow\x64\debug\baseclasses\wxutil.obj
c:\users\julian reichen\onedrive\rwth\own programs\2023-10-24 - hopperrender dshow\x64\debug\baseclasses\seekpt.obj
c:\users\julian reichen\onedrive\rwth\own programs\2023-10-24 - hopperrender dshow\x64\debug\baseclasses\wxdebug.obj
c:\users\julian reichen\onedrive\rwth\own programs\2023-10-24 - hopperrender dshow\x64\debug\baseclasses\wxlist.obj
c:\users\julian reichen\onedrive\rwth\own programs\2023-10-24 - hopperrender dshow\x64\debug\baseclasses\renbase.obj
c:\users\julian reichen\onedrive\rwth\own programs\2023-10-24 - hopperrender dshow\x64\debug\baseclasses\arithutil.obj
c:\users\julian reichen\onedrive\rwth\own programs\2023-10-24 - hopperrender dshow\x64\debug\baseclasses\winutil.obj
c:\users\julian reichen\onedrive\rwth\own programs\2023-10-24 - hopperrender dshow\x64\debug\baseclasses\ctlutil.obj
c:\users\julian reichen\onedrive\rwth\own programs\2023-10-24 - hopperrender dshow\x64\debug\baseclasses\schedule.obj
c:\users\julian reichen\onedrive\rwth\own programs\2023-10-24 - hopperrender dshow\x64\debug\baseclasses\transip.obj
c:\users\julian reichen\onedrive\rwth\own programs\2023-10-24 - hopperrender dshow\x64\debug\baseclasses\mtype.obj
c:\users\julian reichen\onedrive\rwth\own programs\2023-10-24 - hopperrender dshow\x64\debug\baseclasses\ddmm.obj
c:\users\julian reichen\onedrive\rwth\own programs\2023-10-24 - hopperrender dshow\x64\debug\baseclasses\amfilter.obj
c:\users\julian reichen\onedrive\rwth\own programs\2023-10-24 - hopperrender dshow\x64\debug\baseclasses\source.obj
c:\users\julian reichen\onedrive\rwth\own programs\2023-10-24 - hopperrender dshow\x64\debug\baseclasses\refclock.obj
c:\users\julian reichen\onedrive\rwth\own programs\2023-10-24 - hopperrender dshow\x64\debug\baseclasses\strmctl.obj
c:\users\julian reichen\onedrive\rwth\own programs\2023-10-24 - hopperrender dshow\x64\debug\baseclasses\vtrans.obj
c:\users\julian reichen\onedrive\rwth\own programs\2023-10-24 - hopperrender dshow\x64\debug\baseclasses\videoctl.obj
c:\users\julian reichen\onedrive\rwth\own programs\2023-10-24 - hopperrender dshow\x64\debug\baseclasses\combase.obj
c:\users\julian reichen\onedrive\rwth\own programs\2023-10-24 - hopperrender dshow\x64\debug\baseclasses\amvideo.obj
c:\users\julian reichen\onedrive\rwth\own programs\2023-10-24 - hopperrender dshow\x64\debug\baseclasses\pstream.obj
c:\users\julian reichen\onedrive\rwth\own programs\2023-10-24 - hopperrender dshow\x64\debug\baseclasses\perflog.obj
c:\users\julian reichen\onedrive\rwth\own programs\2023-10-24 - hopperrender dshow\x64\debug\baseclasses\outputq.obj
c:\users\julian reichen\onedrive\rwth\own programs\2023-10-24 - hopperrender dshow\x64\debug\baseclasses\amextra.obj
c:\users\julian reichen\onedrive\rwth\own programs\2023-10-24 - hopperrender dshow\x64\debug\baseclasses\winctrl.obj
c:\users\julian reichen\onedrive\rwth\own programs\2023-10-24 - hopperrender dshow\x64\debug\baseclasses\sysclock.obj
c:\users\julian reichen\onedrive\rwth\own programs\2023-10-24 - hopperrender dshow\x64\debug\baseclasses\transfrm.obj
c:\users\julian reichen\onedrive\rwth\own programs\2023-10-24 - hopperrender dshow\x64\debug\baseclasses\dllsetup.obj
c:\users\julian reichen\onedrive\rwth\own programs\2023-10-24 - hopperrender dshow\x64\debug\baseclasses\cprop.obj
c:\users\julian reichen\onedrive\rwth\own programs\2023-10-24 - hopperrender dshow\x64\debug\lib\strmbasd.pdb
c:\users\julian reichen\onedrive\rwth\own programs\2023-10-24 - hopperrender dshow\x64\debug\lib\strmbasd.lib
c:\users\julian reichen\onedrive\rwth\own programs\2023-10-24 - hopperrender dshow\x64\debug\baseclasses\baseclasses.vcxproj.filelistabsolute.txt
c:\users\julian reichen\onedrive\rwth\own programs\2023-10-24 - hopperrender dshow\x64\debug\baseclasses\baseclasses.tlog\cl.10864.write.1.tlog
c:\users\julian reichen\onedrive\rwth\own programs\2023-10-24 - hopperrender dshow\x64\debug\baseclasses\baseclasses.tlog\cl.command.1.tlog
c:\users\julian reichen\onedrive\rwth\own programs\2023-10-24 - hopperrender dshow\x64\debug\baseclasses\baseclasses.tlog\cl.items.tlog
c:\users\julian reichen\onedrive\rwth\own programs\2023-10-24 - hopperrender dshow\x64\debug\baseclasses\baseclasses.tlog\cl.read.1.tlog
c:\users\julian reichen\onedrive\rwth\own programs\2023-10-24 - hopperrender dshow\x64\debug\baseclasses\baseclasses.tlog\lib-link.read.1.tlog
c:\users\julian reichen\onedrive\rwth\own programs\2023-10-24 - hopperrender dshow\x64\debug\baseclasses\baseclasses.tlog\lib-link.write.1.tlog
c:\users\julian reichen\onedrive\rwth\own programs\2023-10-24 - hopperrender dshow\x64\debug\baseclasses\baseclasses.tlog\lib.command.1.tlog
