  Compiling CUDA source file opticalFlowCalc.cu...
  
  C:\Users\Julian Reichen\OneDrive\RWTH\Own Programs\2023-10-24 - HopperRender DShow\common\cuda>"C:\Program Files\NVIDIA GPU Computing Toolkit\CUDA\v12.3\bin\nvcc.exe" -gencode=arch=compute_89,code=\"sm_89,compute_89\" -gencode=arch=compute_61,code=\"sm_61,compute_61\" --use-local-env -ccbin "C:\Program Files\Microsoft Visual Studio\2022\Community\VC\Tools\MSVC\14.38.33130\bin\HostX64\x64" -x cu   -I"C:\Program Files\NVIDIA GPU Computing Toolkit\CUDA\v12.3\include" -I"C:\Program Files\vcpkg\vcpkg\installed\x64-windows\include" -I"C:\Program Files\NVIDIA GPU Computing Toolkit\CUDA\v12.3\include"  -G   --keep-dir x64\Debug -use_fast_math -maxrregcount=0 --ptxas-options=-v --split-compile=0 --machine 64 --compile -cudart static  -g  -DWIN32 -DWIN64 -D_DEBUG -D_CONSOLE -D_MBCS -Xcompiler "/EHsc /W3 /nologo /Od /FS /ZI /RTC1 /MDd " -Xcompiler "/Fd\"C:\Users\Julian Reichen\OneDrive\RWTH\Own Programs\2023-10-24 - HopperRender DShow\x64\Debug\lib\cuda.pdb\"" -o "C:\Users\Julian Reichen\OneDrive\RWTH\Own Programs\2023-10-24 - HopperRender DShow\common\cuda\x64\Debug\opticalFlowCalc.cu.obj" "C:\Users\Julian Reichen\OneDrive\RWTH\Own Programs\2023-10-24 - HopperRender DShow\common\cuda\opticalFlowCalc.cu" 
cl : Command line warning D9025: overriding '/ZI' with '/Zi'
cl : Command line warning D9025: overriding '/ZI' with '/Zi'
  ptxas info    : 0 bytes gmem
  ptxas info    : Compiling entry function '_Z14calcImageDeltaPKhS0_PhPKiii' for 'sm_89'
  ptxas info    : Function properties for _Z14calcImageDeltaPKhS0_PhPKiii
      0 bytes stack frame, 0 bytes spill stores, 0 bytes spill loads
  ptxas info    : Used 30 registers, 392 bytes cmem[0]
  ptxas info    : Compiling entry function '_Z13calcDeltaSumsPhPjiiii' for 'sm_89'
  ptxas info    : Function properties for _Z13calcDeltaSumsPhPjiiii
      0 bytes stack frame, 0 bytes spill stores, 0 bytes spill loads
  ptxas info    : Used 24 registers, 24 bytes cumulative stack size, 384 bytes cmem[0]
  ptxas info    : Compiling entry function '_Z18normalizeDeltaSumsPKjPfPKiiiii' for 'sm_89'
  ptxas info    : Function properties for _Z18normalizeDeltaSumsPKjPfPKiiiii
      0 bytes stack frame, 0 bytes spill stores, 0 bytes spill loads
  ptxas info    : Used 42 registers, 392 bytes cmem[0]
  ptxas info    : Compiling entry function '_Z13compareArraysPKfS0_Pbiiii' for 'sm_89'
  ptxas info    : Function properties for _Z13compareArraysPKfS0_Pbiiii
      0 bytes stack frame, 0 bytes spill stores, 0 bytes spill loads
  ptxas info    : Used 21 registers, 392 bytes cmem[0]
  ptxas info    : Compiling entry function '_Z20compositeOffsetArrayPiPKbS_iiiii' for 'sm_89'
  ptxas info    : Function properties for _Z20compositeOffsetArrayPiPKbS_iiiii
      0 bytes stack frame, 0 bytes spill stores, 0 bytes spill loads
  ptxas info    : Used 25 registers, 396 bytes cmem[0]
  ptxas info    : Compiling entry function '_Z15warpFrameKernalPKhPKiPiS3_Phii' for 'sm_89'
  ptxas info    : Function properties for _Z15warpFrameKernalPKhPKiPiS3_Phii
      0 bytes stack frame, 0 bytes spill stores, 0 bytes spill loads
  ptxas info    : Used 42 registers, 24 bytes cumulative stack size, 400 bytes cmem[0]
  ptxas info    : Compiling entry function '_Z21artifactRemovalKernalPhPiS_ii' for 'sm_89'
  ptxas info    : Function properties for _Z21artifactRemovalKernalPhPiS_ii
      0 bytes stack frame, 0 bytes spill stores, 0 bytes spill loads
  ptxas info    : Used 19 registers, 384 bytes cmem[0]
  ptxas info    : Compiling entry function '_Z30rearangeImageDataRGBtoLayerOFCPKhPhiii' for 'sm_89'
  ptxas info    : Function properties for _Z30rearangeImageDataRGBtoLayerOFCPKhPhiii
      0 bytes stack frame, 0 bytes spill stores, 0 bytes spill loads
  ptxas info    : Used 18 registers, 380 bytes cmem[0]
  ptxas info    : Compiling entry function '_Z30rearangeImageDataLayertoRGBOFCPKhPhiii' for 'sm_89'
  ptxas info    : Function properties for _Z30rearangeImageDataLayertoRGBOFCPKhPhiii
      0 bytes stack frame, 0 bytes spill stores, 0 bytes spill loads
  ptxas info    : Used 18 registers, 380 bytes cmem[0]
  ptxas info    : Compiling entry function '_Z16blendFrameKernelPKhS0_Phddjj' for 'sm_89'
  ptxas info    : Function properties for _Z16blendFrameKernelPKhS0_Phddjj
      0 bytes stack frame, 0 bytes spill stores, 0 bytes spill loads
  ptxas info    : Used 22 registers, 400 bytes cmem[0]
  ptxas info    : Function properties for fabsf
      0 bytes stack frame, 0 bytes spill stores, 0 bytes spill loads
  ptxas info    : Function properties for fminf
      0 bytes stack frame, 0 bytes spill stores, 0 bytes spill loads
  ptxas info    : Function properties for fmaxf
      0 bytes stack frame, 0 bytes spill stores, 0 bytes spill loads
  ptxas info    : Function properties for __iAtomicAdd
      0 bytes stack frame, 0 bytes spill stores, 0 bytes spill loads
  ptxas info    : Function properties for __uAtomicAdd
      0 bytes stack frame, 0 bytes spill stores, 0 bytes spill loads
  ptxas info    : Function properties for _ZN49_INTERNAL_7e949b02_18_opticalFlowCalc_cu_e00232579atomicAddEPii
      24 bytes stack frame, 20 bytes spill stores, 20 bytes spill loads
  ptxas info    : Function properties for _ZN49_INTERNAL_7e949b02_18_opticalFlowCalc_cu_e00232579atomicAddEPjj
      24 bytes stack frame, 20 bytes spill stores, 20 bytes spill loads
cl : Command line warning D9025: overriding '/ZI' with '/Zi'
  ptxas info    : 0 bytes gmem
  ptxas info    : Compiling entry function '_Z14calcImageDeltaPKhS0_PhPKiii' for 'sm_61'
  ptxas info    : Function properties for _Z14calcImageDeltaPKhS0_PhPKiii
      0 bytes stack frame, 0 bytes spill stores, 0 bytes spill loads
  ptxas info    : Used 24 registers, 360 bytes cmem[0]
  ptxas info    : Compiling entry function '_Z13calcDeltaSumsPhPjiiii' for 'sm_61'
  ptxas info    : Function properties for _Z13calcDeltaSumsPhPjiiii
      0 bytes stack frame, 0 bytes spill stores, 0 bytes spill loads
  ptxas info    : Used 20 registers, 16 bytes cumulative stack size, 352 bytes cmem[0]
  ptxas info    : Compiling entry function '_Z18normalizeDeltaSumsPKjPfPKiiiii' for 'sm_61'
  ptxas info    : Function properties for _Z18normalizeDeltaSumsPKjPfPKiiiii
      0 bytes stack frame, 0 bytes spill stores, 0 bytes spill loads
  ptxas info    : Used 31 registers, 360 bytes cmem[0]
  ptxas info    : Compiling entry function '_Z13compareArraysPKfS0_Pbiiii' for 'sm_61'
  ptxas info    : Function properties for _Z13compareArraysPKfS0_Pbiiii
      0 bytes stack frame, 0 bytes spill stores, 0 bytes spill loads
  ptxas info    : Used 17 registers, 360 bytes cmem[0]
  ptxas info    : Compiling entry function '_Z20compositeOffsetArrayPiPKbS_iiiii' for 'sm_61'
  ptxas info    : Function properties for _Z20compositeOffsetArrayPiPKbS_iiiii
      0 bytes stack frame, 0 bytes spill stores, 0 bytes spill loads
  ptxas info    : Used 21 registers, 364 bytes cmem[0]
  ptxas info    : Compiling entry function '_Z15warpFrameKernalPKhPKiPiS3_Phii' for 'sm_61'
  ptxas info    : Function properties for _Z15warpFrameKernalPKhPKiPiS3_Phii
      0 bytes stack frame, 0 bytes spill stores, 0 bytes spill loads
  ptxas info    : Used 31 registers, 16 bytes cumulative stack size, 368 bytes cmem[0]
  ptxas info    : Compiling entry function '_Z21artifactRemovalKernalPhPiS_ii' for 'sm_61'
  ptxas info    : Function properties for _Z21artifactRemovalKernalPhPiS_ii
      0 bytes stack frame, 0 bytes spill stores, 0 bytes spill loads
  ptxas info    : Used 15 registers, 352 bytes cmem[0]
  ptxas info    : Compiling entry function '_Z30rearangeImageDataRGBtoLayerOFCPKhPhiii' for 'sm_61'
  ptxas info    : Function properties for _Z30rearangeImageDataRGBtoLayerOFCPKhPhiii
      0 bytes stack frame, 0 bytes spill stores, 0 bytes spill loads
  ptxas info    : Used 14 registers, 348 bytes cmem[0]
  ptxas info    : Compiling entry function '_Z30rearangeImageDataLayertoRGBOFCPKhPhiii' for 'sm_61'
  ptxas info    : Function properties for _Z30rearangeImageDataLayertoRGBOFCPKhPhiii
      0 bytes stack frame, 0 bytes spill stores, 0 bytes spill loads
  ptxas info    : Used 14 registers, 348 bytes cmem[0]
  ptxas info    : Compiling entry function '_Z16blendFrameKernelPKhS0_Phddjj' for 'sm_61'
  ptxas info    : Function properties for _Z16blendFrameKernelPKhS0_Phddjj
      0 bytes stack frame, 0 bytes spill stores, 0 bytes spill loads
  ptxas info    : Used 18 registers, 368 bytes cmem[0]
  ptxas info    : Function properties for fabsf
      0 bytes stack frame, 0 bytes spill stores, 0 bytes spill loads
  ptxas info    : Function properties for fminf
      0 bytes stack frame, 0 bytes spill stores, 0 bytes spill loads
  ptxas info    : Function properties for fmaxf
      0 bytes stack frame, 0 bytes spill stores, 0 bytes spill loads
  ptxas info    : Function properties for __iAtomicAdd
      0 bytes stack frame, 0 bytes spill stores, 0 bytes spill loads
  ptxas info    : Function properties for __uAtomicAdd
      0 bytes stack frame, 0 bytes spill stores, 0 bytes spill loads
  ptxas info    : Function properties for _ZN49_INTERNAL_7e949b02_18_opticalFlowCalc_cu_e00232579atomicAddEPii
      16 bytes stack frame, 12 bytes spill stores, 12 bytes spill loads
  ptxas info    : Function properties for _ZN49_INTERNAL_7e949b02_18_opticalFlowCalc_cu_e00232579atomicAddEPjj
      16 bytes stack frame, 12 bytes spill stores, 12 bytes spill loads
CUDACOMPILE : nvcc warning : '--device-debug (-G)' overrides '-split-compile'
  opticalFlowCalc.cu
cl : Command line warning D9025: overriding '/ZI' with '/Zi'
  tmpxft_000039a8_00000000-7_opticalFlowCalc.compute_61.cudafe1.cpp
C:\Users\Julian Reichen\OneDrive\RWTH\Own Programs\2023-10-24 - HopperRender DShow\common\cuda\opticalFlowCalc.cu(371): warning C4244: 'argument': conversion from 'int' to 'float', possible loss of data
C:\Users\Julian Reichen\OneDrive\RWTH\Own Programs\2023-10-24 - HopperRender DShow\common\cuda\opticalFlowCalc.cu(371): warning C4244: '=': conversion from 'float' to 'int', possible loss of data
C:\Users\Julian Reichen\OneDrive\RWTH\Own Programs\2023-10-24 - HopperRender DShow\common\cuda\opticalFlowCalc.cu(372): warning C4244: 'argument': conversion from 'int' to 'float', possible loss of data
C:\Users\Julian Reichen\OneDrive\RWTH\Own Programs\2023-10-24 - HopperRender DShow\common\cuda\opticalFlowCalc.cu(372): warning C4244: '=': conversion from 'float' to 'int', possible loss of data
C:\Users\Julian Reichen\OneDrive\RWTH\Own Programs\2023-10-24 - HopperRender DShow\common\cuda\opticalFlowCalc.cu(399): warning C4244: '=': conversion from 'double' to 'int', possible loss of data
C:\Users\Julian Reichen\OneDrive\RWTH\Own Programs\2023-10-24 - HopperRender DShow\common\cuda\opticalFlowCalc.cu(400): warning C4244: 'argument': conversion from 'int' to 'float', possible loss of data
C:\Users\Julian Reichen\OneDrive\RWTH\Own Programs\2023-10-24 - HopperRender DShow\common\cuda\opticalFlowCalc.cu(400): warning C4244: '=': conversion from 'float' to 'int', possible loss of data
C:\Users\Julian Reichen\OneDrive\RWTH\Own Programs\2023-10-24 - HopperRender DShow\common\cuda\opticalFlowCalc.cu(452): warning C4244: '=': conversion from 'double' to 'int', possible loss of data
C:\Users\Julian Reichen\OneDrive\RWTH\Own Programs\2023-10-24 - HopperRender DShow\common\cuda\opticalFlowCalc.cu(453): warning C4244: '=': conversion from 'double' to 'int', possible loss of data
C:\Users\Julian Reichen\OneDrive\RWTH\Own Programs\2023-10-24 - HopperRender DShow\common\cuda\opticalFlowCalc.cu(456): warning C4244: '=': conversion from 'double' to 'int', possible loss of data
  cuda.vcxproj -> C:\Users\Julian Reichen\OneDrive\RWTH\Own Programs\2023-10-24 - HopperRender DShow\x64\Debug\lib\cuda.lib
